# JRE version: OpenJDK Runtime Environment (11.0.7+10) (build 11.0.7+10)
# Java VM: OpenJDK 64-Bit Server VM (11.0.7+10, mixed mode, tiered, compressed oops, g1 gc, windows-amd64)
Heap:
 garbage-first heap   total 437248K, used 394361K [0x0000000082400000, 0x0000000100000000)
  region size 1024K, 22 young (22528K), 3 survivors (3072K)
 Metaspace       used 113208K, capacity 114745K, committed 116312K, reserved 1150976K
  class space    used 12960K, capacity 13540K, committed 13952K, reserved 1048576K
GC Heap History (20 events):
Event: 181243.121 GC heap before
{Heap before GC invocations=9891 (full 0):
 garbage-first heap   total 437248K, used 387324K [0x0000000082400000, 0x0000000100000000)
  region size 1024K, 25 young (25600K), 2 survivors (2048K)
 Metaspace       used 113208K, capacity 114745K, committed 116312K, reserved 1150976K
  class space    used 12960K, capacity 13540K, committed 13952K, reserved 1048576K
}
Event: 181243.125 GC heap after
{Heap after GC invocations=9892 (full 0):
 garbage-first heap   total 437248K, used 366831K [0x0000000082400000, 0x0000000100000000)
  region size 1024K, 4 young (4096K), 4 survivors (4096K)
 Metaspace       used 113208K, capacity 114745K, committed 116312K, reserved 1150976K
  class space    used 12960K, capacity 13540K, committed 13952K, reserved 1048576K
}
Event: 181243.159 GC heap before
{Heap before GC invocations=9892 (full 0):
 garbage-first heap   total 437248K, used 386287K [0x0000000082400000, 0x0000000100000000)
  region size 1024K, 24 young (24576K), 4 survivors (4096K)
 Metaspace       used 113208K, capacity 114745K, committed 116312K, reserved 1150976K
  class space    used 12960K, capacity 13540K, committed 13952K, reserved 1048576K
}
Event: 181243.164 GC heap after
{Heap after GC invocations=9893 (full 0):
 garbage-first heap   total 437248K, used 370674K [0x0000000082400000, 0x0000000100000000)
  region size 1024K, 3 young (3072K), 3 survivors (3072K)
 Metaspace       used 113208K, capacity 114745K, committed 116312K, reserved 1150976K
  class space    used 12960K, capacity 13540K, committed 13952K, reserved 1048576K
}
Event: 181243.194 GC heap before
{Heap before GC invocations=9893 (full 0):
 garbage-first heap   total 437248K, used 391154K [0x0000000082400000, 0x0000000100000000)
  region size 1024K, 23 young (23552K), 3 survivors (3072K)
 Metaspace       used 113208K, capacity 114745K, committed 116312K, reserved 1150976K
  class space    used 12960K, capacity 13540K, committed 13952K, reserved 1048576K
}
Event: 181243.199 GC heap after
{Heap after GC invocations=9894 (full 0):
 garbage-first heap   total 437248K, used 374012K [0x0000000082400000, 0x0000000100000000)
  region size 1024K, 3 young (3072K), 3 survivors (3072K)
 Metaspace       used 113208K, capacity 114745K, committed 116312K, reserved 1150976K
  class space    used 12960K, capacity 13540K, committed 13952K, reserved 1048576K
}
Event: 181243.228 GC heap before
{Heap before GC invocations=9894 (full 0):
 garbage-first heap   total 437248K, used 392444K [0x0000000082400000, 0x0000000100000000)
  region size 1024K, 22 young (22528K), 3 survivors (3072K)
 Metaspace       used 113208K, capacity 114745K, committed 116312K, reserved 1150976K
  class space    used 12960K, capacity 13540K, committed 13952K, reserved 1048576K
}
Event: 181243.248 GC heap after
{Heap after GC invocations=9895 (full 0):
 garbage-first heap   total 437248K, used 373842K [0x0000000082400000, 0x0000000100000000)
  region size 1024K, 2 young (2048K), 2 survivors (2048K)
 Metaspace       used 113208K, capacity 114745K, committed 116312K, reserved 1150976K
  class space    used 12960K, capacity 13540K, committed 13952K, reserved 1048576K
}
Event: 181243.286 GC heap before
{Heap before GC invocations=9895 (full 0):
 garbage-first heap   total 437248K, used 393298K [0x0000000082400000, 0x0000000100000000)
  region size 1024K, 21 young (21504K), 2 survivors (2048K)
 Metaspace       used 113208K, capacity 114745K, committed 116312K, reserved 1150976K
  class space    used 12960K, capacity 13540K, committed 13952K, reserved 1048576K
}
Event: 181243.289 GC heap after
{Heap after GC invocations=9896 (full 0):
 garbage-first heap   total 437248K, used 373550K [0x0000000082400000, 0x0000000100000000)
  region size 1024K, 2 young (2048K), 2 survivors (2048K)
 Metaspace       used 113208K, capacity 114745K, committed 116312K, reserved 1150976K
  class space    used 12960K, capacity 13540K, committed 13952K, reserved 1048576K
}
Event: 181243.322 GC heap before
{Heap before GC invocations=9896 (full 0):
 garbage-first heap   total 437248K, used 393006K [0x0000000082400000, 0x0000000100000000)
  region size 1024K, 21 young (21504K), 2 survivors (2048K)
 Metaspace       used 113208K, capacity 114745K, committed 116312K, reserved 1150976K
  class space    used 12960K, capacity 13540K, committed 13952K, reserved 1048576K
}
Event: 181243.330 GC heap after
{Heap after GC invocations=9897 (full 0):
 garbage-first heap   total 437248K, used 376225K [0x0000000082400000, 0x0000000100000000)
  region size 1024K, 3 young (3072K), 3 survivors (3072K)
 Metaspace       used 113208K, capacity 114745K, committed 116312K, reserved 1150976K
  class space    used 12960K, capacity 13540K, committed 13952K, reserved 1048576K
}
Event: 181243.363 GC heap before
{Heap before GC invocations=9897 (full 0):
 garbage-first heap   total 437248K, used 394657K [0x0000000082400000, 0x0000000100000000)
  region size 1024K, 21 young (21504K), 3 survivors (3072K)
 Metaspace       used 113208K, capacity 114745K, committed 116312K, reserved 1150976K
  class space    used 12960K, capacity 13540K, committed 13952K, reserved 1048576K
}
Event: 181243.367 GC heap after
{Heap after GC invocations=9898 (full 0):
 garbage-first heap   total 437248K, used 376740K [0x0000000082400000, 0x0000000100000000)
  region size 1024K, 3 young (3072K), 3 survivors (3072K)
 Metaspace       used 113208K, capacity 114745K, committed 116312K, reserved 1150976K
  class space    used 12960K, capacity 13540K, committed 13952K, reserved 1048576K
}
Event: 181243.408 GC heap before
{Heap before GC invocations=9898 (full 0):
 garbage-first heap   total 437248K, used 394148K [0x0000000082400000, 0x0000000100000000)
  region size 1024K, 21 young (21504K), 3 survivors (3072K)
 Metaspace       used 113208K, capacity 114745K, committed 116312K, reserved 1150976K
  class space    used 12960K, capacity 13540K, committed 13952K, reserved 1048576K
}
Event: 181243.411 GC heap after
{Heap after GC invocations=9899 (full 0):
 garbage-first heap   total 437248K, used 376207K [0x0000000082400000, 0x0000000100000000)
  region size 1024K, 2 young (2048K), 2 survivors (2048K)
 Metaspace       used 113208K, capacity 114745K, committed 116312K, reserved 1150976K
  class space    used 12960K, capacity 13540K, committed 13952K, reserved 1048576K
}
Event: 181243.449 GC heap before
{Heap before GC invocations=9899 (full 0):
 garbage-first heap   total 437248K, used 395663K [0x0000000082400000, 0x0000000100000000)
  region size 1024K, 21 young (21504K), 2 survivors (2048K)
 Metaspace       used 113208K, capacity 114745K, committed 116312K, reserved 1150976K
  class space    used 12960K, capacity 13540K, committed 13952K, reserved 1048576K
}
Event: 181243.452 GC heap after
{Heap after GC invocations=9900 (full 0):
 garbage-first heap   total 437248K, used 376831K [0x0000000082400000, 0x0000000100000000)
  region size 1024K, 3 young (3072K), 3 survivors (3072K)
 Metaspace       used 113208K, capacity 114745K, committed 116312K, reserved 1150976K
  class space    used 12960K, capacity 13540K, committed 13952K, reserved 1048576K
}
Event: 181243.510 GC heap before
{Heap before GC invocations=9900 (full 0):
 garbage-first heap   total 437248K, used 395263K [0x0000000082400000, 0x0000000100000000)
  region size 1024K, 21 young (21504K), 3 survivors (3072K)
 Metaspace       used 113208K, capacity 114745K, committed 116312K, reserved 1150976K
  class space    used 12960K, capacity 13540K, committed 13952K, reserved 1048576K
}
Event: 181243.513 GC heap after
{Heap after GC invocations=9901 (full 0):
 garbage-first heap   total 437248K, used 376953K [0x0000000082400000, 0x0000000100000000)
  region size 1024K, 3 young (3072K), 3 survivors (3072K)
 Metaspace       used 113208K, capacity 114745K, committed 116312K, reserved 1150976K
  class space    used 12960K, capacity 13540K, committed 13952K, reserved 1048576K
}

